[0.000000] (-) TimerEvent: {}
[0.000346] (drone_basics) JobQueued: {'identifier': 'drone_basics', 'dependencies': OrderedDict()}
[0.000874] (drone_basics) JobStarted: {'identifier': 'drone_basics'}
[0.099427] (-) TimerEvent: {}
[0.204163] (-) TimerEvent: {}
[0.304437] (-) TimerEvent: {}
[0.404670] (-) TimerEvent: {}
[0.504903] (-) TimerEvent: {}
[0.605149] (-) TimerEvent: {}
[0.705410] (-) TimerEvent: {}
[0.805738] (-) TimerEvent: {}
[0.906079] (-) TimerEvent: {}
[1.006333] (-) TimerEvent: {}
[1.106568] (-) TimerEvent: {}
[1.206798] (-) TimerEvent: {}
[1.307033] (-) TimerEvent: {}
[1.407345] (-) TimerEvent: {}
[1.507719] (-) TimerEvent: {}
[1.608145] (-) TimerEvent: {}
[1.708601] (-) TimerEvent: {}
[1.808935] (-) TimerEvent: {}
[1.909222] (-) TimerEvent: {}
[2.009484] (-) TimerEvent: {}
[2.109803] (-) TimerEvent: {}
[2.210171] (-) TimerEvent: {}
[2.310760] (-) TimerEvent: {}
[2.411088] (-) TimerEvent: {}
[2.511434] (-) TimerEvent: {}
[2.611841] (-) TimerEvent: {}
[2.712201] (-) TimerEvent: {}
[2.812563] (-) TimerEvent: {}
[2.912942] (-) TimerEvent: {}
[3.013273] (-) TimerEvent: {}
[3.113586] (-) TimerEvent: {}
[3.213852] (-) TimerEvent: {}
[3.314168] (-) TimerEvent: {}
[3.414504] (-) TimerEvent: {}
[3.423048] (drone_basics) Command: {'cmd': ['/usr/bin/python3', 'setup.py', 'develop', '--editable', '--build-directory', '/ros2_ws/build/drone_basics/build', '--no-deps', 'install_data'], 'cwd': '/ros2_ws/build/drone_basics', 'env': {'HOSTNAME': '082db65ff2ca', 'SHLVL': '1', 'PYTHON_PIP_VERSION': '23.1.2', 'LD_LIBRARY_PATH': '/opt/ros/humble/lib/x86_64-linux-gnu:/opt/ros/humble/lib', 'HOME': '/root', 'OLDPWD': '/ros2_ws/src', 'ROS_PYTHON_VERSION': '3', 'ROS_DISTRO': 'humble', '_': '/usr/bin/colcon', 'ROS_VERSION': '2', 'PYTHON_GET_PIP_URL': 'https://github.com/pypa/get-pip/raw/9af82b715db434abb94a0a6f3569f43e72157346/public/get-pip.py', 'ROS_LOCALHOST_ONLY': '0', 'PATH': '/opt/ros/humble/bin:/usr/local/sbin:/usr/local/bin:/usr/sbin:/usr/bin:/sbin:/bin', 'LANG': 'C.UTF-8', 'AMENT_PREFIX_PATH': '/opt/ros/humble', 'DEBIAN_FRONTEND': 'noninteractive', 'PYTHON_SETUPTOOLS_VERSION': '65.5.1', 'PWD': '/ros2_ws/build/drone_basics', 'LC_ALL': 'C.UTF-8', 'PYTHON_GET_PIP_SHA256': '45a2bb8bf2bb5eff16fdd00faef6f29731831c7c59bd9fc2bf1f3bed511ff1fe', 'PYTHONPATH': '/ros2_ws/build/drone_basics/prefix_override:/ros2_ws/install/drone_basics/lib/python3.10/site-packages:/opt/ros/humble/lib/python3.10/site-packages:/opt/ros/humble/local/lib/python3.10/dist-packages', 'COLCON': '1'}, 'shell': False}
[3.514628] (-) TimerEvent: {}
[3.614886] (-) TimerEvent: {}
[3.715151] (-) TimerEvent: {}
[3.815456] (-) TimerEvent: {}
[3.915772] (-) TimerEvent: {}
[3.919202] (drone_basics) StdoutLine: {'line': b'running develop\n'}
[4.015905] (-) TimerEvent: {}
[4.116198] (-) TimerEvent: {}
[4.149202] (drone_basics) StdoutLine: {'line': b'running egg_info\n'}
[4.149649] (drone_basics) StdoutLine: {'line': b'creating drone_basics.egg-info\n'}
[4.150205] (drone_basics) StdoutLine: {'line': b'writing drone_basics.egg-info/PKG-INFO\n'}
[4.150495] (drone_basics) StdoutLine: {'line': b'writing dependency_links to drone_basics.egg-info/dependency_links.txt\n'}
[4.151000] (drone_basics) StdoutLine: {'line': b'writing entry points to drone_basics.egg-info/entry_points.txt\n'}
[4.151454] (drone_basics) StdoutLine: {'line': b'writing requirements to drone_basics.egg-info/requires.txt\n'}
[4.151726] (drone_basics) StdoutLine: {'line': b'writing top-level names to drone_basics.egg-info/top_level.txt\n'}
[4.151968] (drone_basics) StdoutLine: {'line': b"writing manifest file 'drone_basics.egg-info/SOURCES.txt'\n"}
[4.154292] (drone_basics) StdoutLine: {'line': b"reading manifest file 'drone_basics.egg-info/SOURCES.txt'\n"}
[4.155428] (drone_basics) StdoutLine: {'line': b"writing manifest file 'drone_basics.egg-info/SOURCES.txt'\n"}
[4.170593] (drone_basics) StdoutLine: {'line': b'running build_ext\n'}
[4.171110] (drone_basics) StdoutLine: {'line': b'Creating /ros2_ws/install/drone_basics/lib/python3.10/site-packages/drone-basics.egg-link (link to .)\n'}
[4.172689] (drone_basics) StdoutLine: {'line': b'\n'}
[4.173566] (drone_basics) StdoutLine: {'line': b'Installed /ros2_ws/build/drone_basics\n'}
[4.173872] (drone_basics) StdoutLine: {'line': b'running install_data\n'}
[4.174192] (drone_basics) StdoutLine: {'line': b'creating /ros2_ws/install/drone_basics/share/ament_index\n'}
[4.174458] (drone_basics) StdoutLine: {'line': b'creating /ros2_ws/install/drone_basics/share/ament_index/resource_index\n'}
[4.174747] (drone_basics) StdoutLine: {'line': b'creating /ros2_ws/install/drone_basics/share/ament_index/resource_index/packages\n'}
[4.175030] (drone_basics) StdoutLine: {'line': b'copying resource/drone_basics -> /ros2_ws/install/drone_basics/share/ament_index/resource_index/packages\n'}
[4.175307] (drone_basics) StdoutLine: {'line': b'copying package.xml -> /ros2_ws/install/drone_basics/share/drone_basics\n'}
[4.216335] (-) TimerEvent: {}
[4.232536] (drone_basics) CommandEnded: {'returncode': 0}
[4.316552] (-) TimerEvent: {}
[4.417002] (-) TimerEvent: {}
[4.517420] (-) TimerEvent: {}
[4.611494] (drone_basics) JobEnded: {'identifier': 'drone_basics', 'rc': 0}
[4.612946] (-) EventReactorShutdown: {}
