[5.600s] DEBUG:colcon:Command line arguments: ['/usr/bin/colcon', 'build', '--packages-up-to', 'drone_basics', '--symlink-install']
[5.601s] DEBUG:colcon:Parsed command line arguments: Namespace(log_base=None, log_level=None, verb_name='build', build_base='build', install_base='install', merge_install=False, symlink_install=True, test_result_base=None, continue_on_error=False, executor='parallel', parallel_workers=4, event_handlers=None, ignore_user_meta=False, metas=['./colcon.meta'], base_paths=['.'], packages_ignore=None, packages_ignore_regex=None, paths=None, packages_up_to=['drone_basics'], packages_up_to_regex=None, packages_above=None, packages_above_and_dependencies=None, packages_above_depth=None, packages_select_by_dep=None, packages_skip_by_dep=None, packages_skip_up_to=None, packages_select_build_failed=False, packages_skip_build_finished=False, packages_select_test_failures=False, packages_skip_test_passed=False, packages_select=None, packages_skip=None, packages_select_regex=None, packages_skip_regex=None, packages_start=None, packages_end=None, cmake_args=None, cmake_target=None, cmake_target_skip_unavailable=False, cmake_clean_cache=False, cmake_clean_first=False, cmake_force_configure=False, ament_cmake_args=None, catkin_cmake_args=None, catkin_skip_building_tests=False, mixin_files=None, mixin=None, verb_parser=<colcon_mixin.mixin.mixin_argument.MixinArgumentDecorator object at 0x7efcbad034f0>, verb_extension=<colcon_core.verb.build.BuildVerb object at 0x7efcbad03c40>, main=<bound method BuildVerb.main of <colcon_core.verb.build.BuildVerb object at 0x7efcbad03c40>>, mixin_verb=('build',))
[6.345s] Level 1:colcon.colcon_core.package_discovery:discover_packages(colcon_meta) check parameters
[6.368s] INFO:colcon.colcon_metadata.package_discovery.colcon_meta:Using configuration from '/root/.colcon/metadata/default/Gazebo.meta'
[6.371s] INFO:colcon.colcon_metadata.package_discovery.colcon_meta:Using configuration from '/root/.colcon/metadata/default/fastrtps.meta'
[6.371s] Level 1:colcon.colcon_core.package_discovery:discover_packages(recursive) check parameters
[6.371s] Level 1:colcon.colcon_core.package_discovery:discover_packages(ignore) check parameters
[6.371s] Level 1:colcon.colcon_core.package_discovery:discover_packages(path) check parameters
[6.371s] Level 1:colcon.colcon_core.package_discovery:discover_packages(colcon_meta) discover
[6.371s] Level 1:colcon.colcon_core.package_discovery:discover_packages(recursive) discover
[6.371s] INFO:colcon.colcon_core.package_discovery:Crawling recursively for packages in '/ros2_ws'
[6.372s] Level 1:colcon.colcon_core.package_identification:_identify(.) by extensions ['ignore', 'ignore_ament_install']
[6.372s] Level 1:colcon.colcon_core.package_identification:_identify(.) by extension 'ignore'
[6.372s] Level 1:colcon.colcon_core.package_identification:_identify(.) by extension 'ignore_ament_install'
[6.372s] Level 1:colcon.colcon_core.package_identification:_identify(.) by extensions ['colcon_pkg']
[6.372s] Level 1:colcon.colcon_core.package_identification:_identify(.) by extension 'colcon_pkg'
[6.372s] Level 1:colcon.colcon_core.package_identification:_identify(.) by extensions ['colcon_meta']
[6.373s] Level 1:colcon.colcon_core.package_identification:_identify(.) by extension 'colcon_meta'
[6.373s] Level 1:colcon.colcon_core.package_identification:_identify(.) by extensions ['ros']
[6.373s] Level 1:colcon.colcon_core.package_identification:_identify(.) by extension 'ros'
[6.400s] Level 1:colcon.colcon_core.package_identification:_identify(.) by extensions ['cmake', 'python']
[6.400s] Level 1:colcon.colcon_core.package_identification:_identify(.) by extension 'cmake'
[6.400s] Level 1:colcon.colcon_core.package_identification:_identify(.) by extension 'python'
[6.400s] Level 1:colcon.colcon_core.package_identification:_identify(.) by extensions ['python_setup_py']
[6.400s] Level 1:colcon.colcon_core.package_identification:_identify(.) by extension 'python_setup_py'
[6.400s] Level 1:colcon.colcon_core.package_identification:_identify(build) by extensions ['ignore', 'ignore_ament_install']
[6.401s] Level 1:colcon.colcon_core.package_identification:_identify(build) by extension 'ignore'
[6.401s] Level 1:colcon.colcon_core.package_identification:_identify(build) ignored
[6.401s] Level 1:colcon.colcon_core.package_identification:_identify(install) by extensions ['ignore', 'ignore_ament_install']
[6.401s] Level 1:colcon.colcon_core.package_identification:_identify(install) by extension 'ignore'
[6.401s] Level 1:colcon.colcon_core.package_identification:_identify(install) ignored
[6.402s] Level 1:colcon.colcon_core.package_identification:_identify(log) by extensions ['ignore', 'ignore_ament_install']
[6.402s] Level 1:colcon.colcon_core.package_identification:_identify(log) by extension 'ignore'
[6.402s] Level 1:colcon.colcon_core.package_identification:_identify(log) ignored
[6.402s] Level 1:colcon.colcon_core.package_identification:_identify(src) by extensions ['ignore', 'ignore_ament_install']
[6.402s] Level 1:colcon.colcon_core.package_identification:_identify(src) by extension 'ignore'
[6.402s] Level 1:colcon.colcon_core.package_identification:_identify(src) by extension 'ignore_ament_install'
[6.403s] Level 1:colcon.colcon_core.package_identification:_identify(src) by extensions ['colcon_pkg']
[6.403s] Level 1:colcon.colcon_core.package_identification:_identify(src) by extension 'colcon_pkg'
[6.403s] Level 1:colcon.colcon_core.package_identification:_identify(src) by extensions ['colcon_meta']
[6.403s] Level 1:colcon.colcon_core.package_identification:_identify(src) by extension 'colcon_meta'
[6.403s] Level 1:colcon.colcon_core.package_identification:_identify(src) by extensions ['ros']
[6.403s] Level 1:colcon.colcon_core.package_identification:_identify(src) by extension 'ros'
[6.403s] Level 1:colcon.colcon_core.package_identification:_identify(src) by extensions ['cmake', 'python']
[6.403s] Level 1:colcon.colcon_core.package_identification:_identify(src) by extension 'cmake'
[6.404s] Level 1:colcon.colcon_core.package_identification:_identify(src) by extension 'python'
[6.404s] Level 1:colcon.colcon_core.package_identification:_identify(src) by extensions ['python_setup_py']
[6.404s] Level 1:colcon.colcon_core.package_identification:_identify(src) by extension 'python_setup_py'
[6.404s] Level 1:colcon.colcon_core.package_identification:_identify(src/drone_basics) by extensions ['ignore', 'ignore_ament_install']
[6.404s] Level 1:colcon.colcon_core.package_identification:_identify(src/drone_basics) by extension 'ignore'
[6.405s] Level 1:colcon.colcon_core.package_identification:_identify(src/drone_basics) by extension 'ignore_ament_install'
[6.405s] Level 1:colcon.colcon_core.package_identification:_identify(src/drone_basics) by extensions ['colcon_pkg']
[6.405s] Level 1:colcon.colcon_core.package_identification:_identify(src/drone_basics) by extension 'colcon_pkg'
[6.405s] Level 1:colcon.colcon_core.package_identification:_identify(src/drone_basics) by extensions ['colcon_meta']
[6.405s] Level 1:colcon.colcon_core.package_identification:_identify(src/drone_basics) by extension 'colcon_meta'
[6.405s] Level 1:colcon.colcon_core.package_identification:_identify(src/drone_basics) by extensions ['ros']
[6.405s] Level 1:colcon.colcon_core.package_identification:_identify(src/drone_basics) by extension 'ros'
[6.411s] DEBUG:colcon.colcon_core.package_identification:Package 'src/drone_basics' with type 'ros.ament_python' and name 'drone_basics'
[6.411s] Level 1:colcon.colcon_core.package_discovery:discover_packages(recursive) using defaults
[6.411s] Level 1:colcon.colcon_core.package_discovery:discover_packages(ignore) discover
[6.411s] Level 1:colcon.colcon_core.package_discovery:discover_packages(ignore) using defaults
[6.411s] Level 1:colcon.colcon_core.package_discovery:discover_packages(path) discover
[6.411s] Level 1:colcon.colcon_core.package_discovery:discover_packages(path) using defaults
[7.054s] Level 5:colcon.colcon_core.verb:set package 'drone_basics' build argument 'cmake_args' from command line to 'None'
[7.054s] Level 5:colcon.colcon_core.verb:set package 'drone_basics' build argument 'cmake_target' from command line to 'None'
[7.054s] Level 5:colcon.colcon_core.verb:set package 'drone_basics' build argument 'cmake_target_skip_unavailable' from command line to 'False'
[7.054s] Level 5:colcon.colcon_core.verb:set package 'drone_basics' build argument 'cmake_clean_cache' from command line to 'False'
[7.054s] Level 5:colcon.colcon_core.verb:set package 'drone_basics' build argument 'cmake_clean_first' from command line to 'False'
[7.054s] Level 5:colcon.colcon_core.verb:set package 'drone_basics' build argument 'cmake_force_configure' from command line to 'False'
[7.054s] Level 5:colcon.colcon_core.verb:set package 'drone_basics' build argument 'ament_cmake_args' from command line to 'None'
[7.054s] Level 5:colcon.colcon_core.verb:set package 'drone_basics' build argument 'catkin_cmake_args' from command line to 'None'
[7.054s] Level 5:colcon.colcon_core.verb:set package 'drone_basics' build argument 'catkin_skip_building_tests' from command line to 'False'
[7.055s] DEBUG:colcon.colcon_core.verb:Building package 'drone_basics' with the following arguments: {'ament_cmake_args': None, 'build_base': '/ros2_ws/build/drone_basics', 'catkin_cmake_args': None, 'catkin_skip_building_tests': False, 'cmake_args': None, 'cmake_clean_cache': False, 'cmake_clean_first': False, 'cmake_force_configure': False, 'cmake_target': None, 'cmake_target_skip_unavailable': False, 'install_base': '/ros2_ws/install/drone_basics', 'merge_install': False, 'path': '/ros2_ws/src/drone_basics', 'symlink_install': True, 'test_result_base': None}
[7.079s] INFO:colcon.colcon_core.executor:Executing jobs using 'parallel' executor
[7.102s] DEBUG:colcon.colcon_parallel_executor.executor.parallel:run_until_complete
[7.103s] INFO:colcon.colcon_ros.task.ament_python.build:Building ROS package in '/ros2_ws/src/drone_basics' with build type 'ament_python'
[7.104s] Level 1:colcon.colcon_core.shell:create_environment_hook('drone_basics', 'ament_prefix_path')
[7.177s] INFO:colcon.colcon_core.plugin_system:Skipping extension 'colcon_core.shell.bat': Not used on non-Windows systems
[7.178s] INFO:colcon.colcon_core.shell:Creating environment hook '/ros2_ws/install/drone_basics/share/drone_basics/hook/ament_prefix_path.ps1'
[7.180s] INFO:colcon.colcon_core.shell:Creating environment descriptor '/ros2_ws/install/drone_basics/share/drone_basics/hook/ament_prefix_path.dsv'
[7.181s] INFO:colcon.colcon_core.shell:Creating environment hook '/ros2_ws/install/drone_basics/share/drone_basics/hook/ament_prefix_path.sh'
[7.220s] INFO:colcon.colcon_core.shell:Skip shell extension 'powershell' for command environment: Not usable outside of PowerShell
[7.221s] DEBUG:colcon.colcon_core.shell:Skip shell extension 'dsv' for command environment
[7.810s] INFO:colcon.colcon_core.task.python.build:Building Python package in '/ros2_ws/src/drone_basics'
[7.837s] INFO:colcon.colcon_core.shell:Skip shell extension 'powershell' for command environment: Not usable outside of PowerShell
[7.837s] DEBUG:colcon.colcon_core.shell:Skip shell extension 'dsv' for command environment
[10.528s] DEBUG:colcon.colcon_core.event_handler.log_command:Invoking command in '/ros2_ws/build/drone_basics': PYTHONPATH=/ros2_ws/build/drone_basics/prefix_override:/ros2_ws/install/drone_basics/lib/python3.10/site-packages:${PYTHONPATH} /usr/bin/python3 setup.py develop --editable --build-directory /ros2_ws/build/drone_basics/build --no-deps install_data
[11.335s] Level 1:colcon.colcon_core.shell:create_environment_hook('drone_basics', 'pythonpath_develop')
[11.336s] DEBUG:colcon.colcon_core.event_handler.log_command:Invoked command in '/ros2_ws/build/drone_basics' returned '0': PYTHONPATH=/ros2_ws/build/drone_basics/prefix_override:/ros2_ws/install/drone_basics/lib/python3.10/site-packages:${PYTHONPATH} /usr/bin/python3 setup.py develop --editable --build-directory /ros2_ws/build/drone_basics/build --no-deps install_data
[11.361s] INFO:colcon.colcon_core.shell:Creating environment hook '/ros2_ws/build/drone_basics/share/drone_basics/hook/pythonpath_develop.ps1'
[11.362s] INFO:colcon.colcon_core.shell:Creating environment descriptor '/ros2_ws/build/drone_basics/share/drone_basics/hook/pythonpath_develop.dsv'
[11.363s] INFO:colcon.colcon_core.shell:Creating environment hook '/ros2_ws/build/drone_basics/share/drone_basics/hook/pythonpath_develop.sh'
[11.559s] Level 1:colcon.colcon_core.environment:checking '/ros2_ws/install/drone_basics' for CMake module files
[11.561s] Level 1:colcon.colcon_core.environment:checking '/ros2_ws/install/drone_basics' for CMake config files
[11.562s] Level 1:colcon.colcon_core.environment:checking '/ros2_ws/install/drone_basics/lib'
[11.563s] Level 1:colcon.colcon_core.environment:checking '/ros2_ws/install/drone_basics/bin'
[11.563s] Level 1:colcon.colcon_core.environment:checking '/ros2_ws/install/drone_basics/lib/pkgconfig/drone_basics.pc'
[11.564s] Level 1:colcon.colcon_core.environment:checking '/ros2_ws/install/drone_basics/lib/python3.10/site-packages'
[11.564s] Level 1:colcon.colcon_core.shell:create_environment_hook('drone_basics', 'pythonpath')
[11.596s] INFO:colcon.colcon_core.shell:Creating environment hook '/ros2_ws/install/drone_basics/share/drone_basics/hook/pythonpath.ps1'
[11.597s] INFO:colcon.colcon_core.shell:Creating environment descriptor '/ros2_ws/install/drone_basics/share/drone_basics/hook/pythonpath.dsv'
[11.597s] INFO:colcon.colcon_core.shell:Creating environment hook '/ros2_ws/install/drone_basics/share/drone_basics/hook/pythonpath.sh'
[11.599s] Level 1:colcon.colcon_core.environment:checking '/ros2_ws/install/drone_basics/bin'
[11.599s] Level 1:colcon.colcon_core.environment:create_environment_scripts_only(drone_basics)
[11.626s] INFO:colcon.colcon_core.shell:Creating package script '/ros2_ws/install/drone_basics/share/drone_basics/package.ps1'
[11.684s] INFO:colcon.colcon_core.shell:Creating package descriptor '/ros2_ws/install/drone_basics/share/drone_basics/package.dsv'
[11.696s] INFO:colcon.colcon_core.shell:Creating package script '/ros2_ws/install/drone_basics/share/drone_basics/package.sh'
[11.699s] INFO:colcon.colcon_core.shell:Creating package script '/ros2_ws/install/drone_basics/share/drone_basics/package.bash'
[11.711s] INFO:colcon.colcon_core.shell:Creating package script '/ros2_ws/install/drone_basics/share/drone_basics/package.zsh'
[11.713s] Level 1:colcon.colcon_core.environment:create_file_with_runtime_dependencies(/ros2_ws/install/drone_basics/share/colcon-core/packages/drone_basics)
[11.714s] DEBUG:colcon.colcon_parallel_executor.executor.parallel:closing loop
[11.714s] DEBUG:colcon.colcon_parallel_executor.executor.parallel:loop closed
[11.714s] DEBUG:colcon.colcon_parallel_executor.executor.parallel:run_until_complete finished with '0'
[11.715s] DEBUG:colcon.colcon_core.event_reactor:joining thread
[12.526s] INFO:colcon.colcon_core.plugin_system:Skipping extension 'colcon_notification.desktop_notification.notify_send': Could not find 'notify-send'
[12.527s] INFO:colcon.colcon_core.plugin_system:Skipping extension 'colcon_notification.desktop_notification.terminal_notifier': Not used on non-Darwin systems
[12.527s] INFO:colcon.colcon_core.plugin_system:Skipping extension 'colcon_notification.desktop_notification.win32': Not used on non-Windows systems
[12.527s] INFO:colcon.colcon_notification.desktop_notification:Sending desktop notification using 'notify2'
[12.527s] DEBUG:colcon.colcon_notification.desktop_notification.notify2:Failed to initialize notify2: org.freedesktop.DBus.Error.NotSupported: Unable to autolaunch a dbus-daemon without a $DISPLAY for X11
[12.528s] DEBUG:colcon.colcon_core.event_reactor:joined thread
[12.559s] INFO:colcon.colcon_core.shell:Creating prefix script '/ros2_ws/install/local_setup.ps1'
[12.681s] INFO:colcon.colcon_core.shell:Creating prefix util module '/ros2_ws/install/_local_setup_util_ps1.py'
[12.927s] INFO:colcon.colcon_core.shell:Creating prefix chain script '/ros2_ws/install/setup.ps1'
[12.992s] INFO:colcon.colcon_core.shell:Creating prefix script '/ros2_ws/install/local_setup.sh'
[13.013s] INFO:colcon.colcon_core.shell:Creating prefix util module '/ros2_ws/install/_local_setup_util_sh.py'
[13.015s] INFO:colcon.colcon_core.shell:Creating prefix chain script '/ros2_ws/install/setup.sh'
[13.049s] INFO:colcon.colcon_core.shell:Creating prefix script '/ros2_ws/install/local_setup.bash'
[13.072s] INFO:colcon.colcon_core.shell:Creating prefix chain script '/ros2_ws/install/setup.bash'
[13.099s] INFO:colcon.colcon_core.shell:Creating prefix script '/ros2_ws/install/local_setup.zsh'
[13.100s] INFO:colcon.colcon_core.shell:Creating prefix chain script '/ros2_ws/install/setup.zsh'
