[0.000000] (-) TimerEvent: {}
[0.000162] (drone_basics) JobQueued: {'identifier': 'drone_basics', 'dependencies': OrderedDict()}
[0.000732] (drone_basics) JobStarted: {'identifier': 'drone_basics'}
[0.099113] (-) TimerEvent: {}
[0.199525] (-) TimerEvent: {}
[0.300089] (-) TimerEvent: {}
[0.400885] (-) TimerEvent: {}
[0.501376] (-) TimerEvent: {}
[0.602061] (-) TimerEvent: {}
[0.702611] (-) TimerEvent: {}
[0.803125] (-) TimerEvent: {}
[0.903670] (-) TimerEvent: {}
[1.004125] (-) TimerEvent: {}
[1.104385] (-) TimerEvent: {}
[1.204658] (-) TimerEvent: {}
[1.305076] (-) TimerEvent: {}
[1.405591] (-) TimerEvent: {}
[1.506012] (-) TimerEvent: {}
[1.606463] (-) TimerEvent: {}
[1.706801] (-) TimerEvent: {}
[1.807123] (-) TimerEvent: {}
[1.907395] (-) TimerEvent: {}
[2.007639] (-) TimerEvent: {}
[2.108014] (-) TimerEvent: {}
[2.208639] (-) TimerEvent: {}
[2.309036] (-) TimerEvent: {}
[2.409555] (-) TimerEvent: {}
[2.510054] (-) TimerEvent: {}
[2.610567] (-) TimerEvent: {}
[2.711103] (-) TimerEvent: {}
[2.811626] (-) TimerEvent: {}
[2.912117] (-) TimerEvent: {}
[3.012585] (-) TimerEvent: {}
[3.113081] (-) TimerEvent: {}
[3.213591] (-) TimerEvent: {}
[3.314096] (-) TimerEvent: {}
[3.414518] (-) TimerEvent: {}
[3.514960] (-) TimerEvent: {}
[3.615429] (-) TimerEvent: {}
[3.715922] (-) TimerEvent: {}
[3.816486] (-) TimerEvent: {}
[3.916986] (-) TimerEvent: {}
[4.017493] (-) TimerEvent: {}
[4.118002] (-) TimerEvent: {}
[4.218524] (-) TimerEvent: {}
[4.318881] (-) TimerEvent: {}
[4.419279] (-) TimerEvent: {}
[4.519671] (-) TimerEvent: {}
[4.559176] (drone_basics) Command: {'cmd': ['/usr/bin/python3', 'setup.py', 'develop', '--editable', '--build-directory', '/ros2_ws/build/drone_basics/build', '--no-deps', 'install_data'], 'cwd': '/ros2_ws/build/drone_basics', 'env': {'HOSTNAME': '082db65ff2ca', 'SHLVL': '1', 'PYTHON_PIP_VERSION': '23.1.2', 'LD_LIBRARY_PATH': '/opt/ros/humble/lib/x86_64-linux-gnu:/opt/ros/humble/lib', 'HOME': '/root', 'OLDPWD': '/ros2_ws/src', 'ROS_PYTHON_VERSION': '3', 'ROS_DISTRO': 'humble', '_': '/usr/bin/colcon', 'ROS_VERSION': '2', 'PYTHON_GET_PIP_URL': 'https://github.com/pypa/get-pip/raw/9af82b715db434abb94a0a6f3569f43e72157346/public/get-pip.py', 'ROS_LOCALHOST_ONLY': '0', 'PATH': '/opt/ros/humble/bin:/usr/local/sbin:/usr/local/bin:/usr/sbin:/usr/bin:/sbin:/bin', 'LANG': 'C.UTF-8', 'AMENT_PREFIX_PATH': '/opt/ros/humble', 'DEBIAN_FRONTEND': 'noninteractive', 'PYTHON_SETUPTOOLS_VERSION': '65.5.1', 'PWD': '/ros2_ws/build/drone_basics', 'LC_ALL': 'C.UTF-8', 'PYTHON_GET_PIP_SHA256': '45a2bb8bf2bb5eff16fdd00faef6f29731831c7c59bd9fc2bf1f3bed511ff1fe', 'PYTHONPATH': '/ros2_ws/build/drone_basics/prefix_override:/ros2_ws/install/drone_basics/lib/python3.10/site-packages:/opt/ros/humble/lib/python3.10/site-packages:/opt/ros/humble/local/lib/python3.10/dist-packages', 'COLCON': '1'}, 'shell': False}
[4.619800] (-) TimerEvent: {}
[4.720065] (-) TimerEvent: {}
[4.820345] (-) TimerEvent: {}
[4.920604] (-) TimerEvent: {}
[5.020867] (-) TimerEvent: {}
[5.051543] (drone_basics) StdoutLine: {'line': b'running develop\n'}
[5.120996] (-) TimerEvent: {}
[5.221329] (-) TimerEvent: {}
[5.275737] (drone_basics) StdoutLine: {'line': b'running egg_info\n'}
[5.276251] (drone_basics) StdoutLine: {'line': b'writing drone_basics.egg-info/PKG-INFO\n'}
[5.321575] (-) TimerEvent: {}
[5.334088] (drone_basics) StdoutLine: {'line': b'writing dependency_links to drone_basics.egg-info/dependency_links.txt\n'}
[5.421775] (-) TimerEvent: {}
[5.522314] (-) TimerEvent: {}
[5.622930] (-) TimerEvent: {}
[5.715502] (drone_basics) StdoutLine: {'line': b'writing entry points to drone_basics.egg-info/entry_points.txt\n'}
[5.723143] (-) TimerEvent: {}
[5.723878] (drone_basics) StdoutLine: {'line': b'writing requirements to drone_basics.egg-info/requires.txt\n'}
[5.823346] (-) TimerEvent: {}
[5.923853] (-) TimerEvent: {}
[5.981100] (drone_basics) StdoutLine: {'line': b'writing top-level names to drone_basics.egg-info/top_level.txt\n'}
[5.994433] (drone_basics) StdoutLine: {'line': b"reading manifest file 'drone_basics.egg-info/SOURCES.txt'\n"}
[6.024076] (-) TimerEvent: {}
[6.124638] (-) TimerEvent: {}
[6.178896] (drone_basics) StdoutLine: {'line': b"writing manifest file 'drone_basics.egg-info/SOURCES.txt'\n"}
[6.191711] (drone_basics) StdoutLine: {'line': b'running build_ext\n'}
[6.192444] (drone_basics) StdoutLine: {'line': b'Creating /ros2_ws/install/drone_basics/lib/python3.10/site-packages/drone-basics.egg-link (link to .)\n'}
[6.224914] (-) TimerEvent: {}
[6.325485] (-) TimerEvent: {}
[6.374257] (drone_basics) StdoutLine: {'line': b'\n'}
[6.374954] (drone_basics) StdoutLine: {'line': b'Installed /ros2_ws/build/drone_basics\n'}
[6.375484] (drone_basics) StdoutLine: {'line': b'running install_data\n'}
[6.425662] (-) TimerEvent: {}
[6.446249] (drone_basics) CommandEnded: {'returncode': 0}
[6.525832] (-) TimerEvent: {}
[6.626195] (-) TimerEvent: {}
[6.726572] (-) TimerEvent: {}
[6.827058] (-) TimerEvent: {}
[6.927578] (-) TimerEvent: {}
[7.028114] (-) TimerEvent: {}
[7.128563] (-) TimerEvent: {}
[7.229208] (-) TimerEvent: {}
[7.329639] (-) TimerEvent: {}
[7.393100] (drone_basics) JobEnded: {'identifier': 'drone_basics', 'rc': 0}
[7.394290] (-) EventReactorShutdown: {}
