[2.895s] DEBUG:colcon:Command line arguments: ['/usr/bin/colcon', 'build', '--packages-up-to', 'drone_basics', '--symlink-install']
[2.896s] DEBUG:colcon:Parsed command line arguments: Namespace(log_base=None, log_level=None, verb_name='build', build_base='build', install_base='install', merge_install=False, symlink_install=True, test_result_base=None, continue_on_error=False, executor='parallel', parallel_workers=4, event_handlers=None, ignore_user_meta=False, metas=['./colcon.meta'], base_paths=['.'], packages_ignore=None, packages_ignore_regex=None, paths=None, packages_up_to=['drone_basics'], packages_up_to_regex=None, packages_above=None, packages_above_and_dependencies=None, packages_above_depth=None, packages_select_by_dep=None, packages_skip_by_dep=None, packages_skip_up_to=None, packages_select_build_failed=False, packages_skip_build_finished=False, packages_select_test_failures=False, packages_skip_test_passed=False, packages_select=None, packages_skip=None, packages_select_regex=None, packages_skip_regex=None, packages_start=None, packages_end=None, cmake_args=None, cmake_target=None, cmake_target_skip_unavailable=False, cmake_clean_cache=False, cmake_clean_first=False, cmake_force_configure=False, ament_cmake_args=None, catkin_cmake_args=None, catkin_skip_building_tests=False, mixin_files=None, mixin=None, verb_parser=<colcon_mixin.mixin.mixin_argument.MixinArgumentDecorator object at 0x7efd23375ba0>, verb_extension=<colcon_core.verb.build.BuildVerb object at 0x7efd23377b20>, main=<bound method BuildVerb.main of <colcon_core.verb.build.BuildVerb object at 0x7efd23377b20>>, mixin_verb=('build',))
[3.496s] Level 1:colcon.colcon_core.package_discovery:discover_packages(colcon_meta) check parameters
[3.517s] INFO:colcon.colcon_metadata.package_discovery.colcon_meta:Using configuration from '/root/.colcon/metadata/default/Gazebo.meta'
[3.519s] INFO:colcon.colcon_metadata.package_discovery.colcon_meta:Using configuration from '/root/.colcon/metadata/default/fastrtps.meta'
[3.519s] Level 1:colcon.colcon_core.package_discovery:discover_packages(recursive) check parameters
[3.519s] Level 1:colcon.colcon_core.package_discovery:discover_packages(ignore) check parameters
[3.520s] Level 1:colcon.colcon_core.package_discovery:discover_packages(path) check parameters
[3.520s] Level 1:colcon.colcon_core.package_discovery:discover_packages(colcon_meta) discover
[3.520s] Level 1:colcon.colcon_core.package_discovery:discover_packages(recursive) discover
[3.520s] INFO:colcon.colcon_core.package_discovery:Crawling recursively for packages in '/ros2_ws'
[3.520s] Level 1:colcon.colcon_core.package_identification:_identify(.) by extensions ['ignore', 'ignore_ament_install']
[3.521s] Level 1:colcon.colcon_core.package_identification:_identify(.) by extension 'ignore'
[3.521s] Level 1:colcon.colcon_core.package_identification:_identify(.) by extension 'ignore_ament_install'
[3.521s] Level 1:colcon.colcon_core.package_identification:_identify(.) by extensions ['colcon_pkg']
[3.521s] Level 1:colcon.colcon_core.package_identification:_identify(.) by extension 'colcon_pkg'
[3.521s] Level 1:colcon.colcon_core.package_identification:_identify(.) by extensions ['colcon_meta']
[3.522s] Level 1:colcon.colcon_core.package_identification:_identify(.) by extension 'colcon_meta'
[3.522s] Level 1:colcon.colcon_core.package_identification:_identify(.) by extensions ['ros']
[3.522s] Level 1:colcon.colcon_core.package_identification:_identify(.) by extension 'ros'
[3.555s] Level 1:colcon.colcon_core.package_identification:_identify(.) by extensions ['cmake', 'python']
[3.555s] Level 1:colcon.colcon_core.package_identification:_identify(.) by extension 'cmake'
[3.555s] Level 1:colcon.colcon_core.package_identification:_identify(.) by extension 'python'
[3.555s] Level 1:colcon.colcon_core.package_identification:_identify(.) by extensions ['python_setup_py']
[3.555s] Level 1:colcon.colcon_core.package_identification:_identify(.) by extension 'python_setup_py'
[3.556s] Level 1:colcon.colcon_core.package_identification:_identify(build) by extensions ['ignore', 'ignore_ament_install']
[3.556s] Level 1:colcon.colcon_core.package_identification:_identify(build) by extension 'ignore'
[3.556s] Level 1:colcon.colcon_core.package_identification:_identify(build) ignored
[3.557s] Level 1:colcon.colcon_core.package_identification:_identify(install) by extensions ['ignore', 'ignore_ament_install']
[3.557s] Level 1:colcon.colcon_core.package_identification:_identify(install) by extension 'ignore'
[3.557s] Level 1:colcon.colcon_core.package_identification:_identify(install) ignored
[3.557s] Level 1:colcon.colcon_core.package_identification:_identify(log) by extensions ['ignore', 'ignore_ament_install']
[3.557s] Level 1:colcon.colcon_core.package_identification:_identify(log) by extension 'ignore'
[3.557s] Level 1:colcon.colcon_core.package_identification:_identify(log) ignored
[3.558s] Level 1:colcon.colcon_core.package_identification:_identify(src) by extensions ['ignore', 'ignore_ament_install']
[3.558s] Level 1:colcon.colcon_core.package_identification:_identify(src) by extension 'ignore'
[3.558s] Level 1:colcon.colcon_core.package_identification:_identify(src) by extension 'ignore_ament_install'
[3.558s] Level 1:colcon.colcon_core.package_identification:_identify(src) by extensions ['colcon_pkg']
[3.558s] Level 1:colcon.colcon_core.package_identification:_identify(src) by extension 'colcon_pkg'
[3.559s] Level 1:colcon.colcon_core.package_identification:_identify(src) by extensions ['colcon_meta']
[3.559s] Level 1:colcon.colcon_core.package_identification:_identify(src) by extension 'colcon_meta'
[3.559s] Level 1:colcon.colcon_core.package_identification:_identify(src) by extensions ['ros']
[3.559s] Level 1:colcon.colcon_core.package_identification:_identify(src) by extension 'ros'
[3.559s] Level 1:colcon.colcon_core.package_identification:_identify(src) by extensions ['cmake', 'python']
[3.559s] Level 1:colcon.colcon_core.package_identification:_identify(src) by extension 'cmake'
[3.559s] Level 1:colcon.colcon_core.package_identification:_identify(src) by extension 'python'
[3.559s] Level 1:colcon.colcon_core.package_identification:_identify(src) by extensions ['python_setup_py']
[3.560s] Level 1:colcon.colcon_core.package_identification:_identify(src) by extension 'python_setup_py'
[3.560s] Level 1:colcon.colcon_core.package_identification:_identify(src/drone_basics) by extensions ['ignore', 'ignore_ament_install']
[3.560s] Level 1:colcon.colcon_core.package_identification:_identify(src/drone_basics) by extension 'ignore'
[3.560s] Level 1:colcon.colcon_core.package_identification:_identify(src/drone_basics) by extension 'ignore_ament_install'
[3.560s] Level 1:colcon.colcon_core.package_identification:_identify(src/drone_basics) by extensions ['colcon_pkg']
[3.561s] Level 1:colcon.colcon_core.package_identification:_identify(src/drone_basics) by extension 'colcon_pkg'
[3.561s] Level 1:colcon.colcon_core.package_identification:_identify(src/drone_basics) by extensions ['colcon_meta']
[3.561s] Level 1:colcon.colcon_core.package_identification:_identify(src/drone_basics) by extension 'colcon_meta'
[3.561s] Level 1:colcon.colcon_core.package_identification:_identify(src/drone_basics) by extensions ['ros']
[3.561s] Level 1:colcon.colcon_core.package_identification:_identify(src/drone_basics) by extension 'ros'
[3.569s] DEBUG:colcon.colcon_core.package_identification:Package 'src/drone_basics' with type 'ros.ament_python' and name 'drone_basics'
[3.569s] Level 1:colcon.colcon_core.package_discovery:discover_packages(recursive) using defaults
[3.569s] Level 1:colcon.colcon_core.package_discovery:discover_packages(ignore) discover
[3.570s] Level 1:colcon.colcon_core.package_discovery:discover_packages(ignore) using defaults
[3.570s] Level 1:colcon.colcon_core.package_discovery:discover_packages(path) discover
[3.570s] Level 1:colcon.colcon_core.package_discovery:discover_packages(path) using defaults
[4.105s] Level 5:colcon.colcon_core.verb:set package 'drone_basics' build argument 'cmake_args' from command line to 'None'
[4.105s] Level 5:colcon.colcon_core.verb:set package 'drone_basics' build argument 'cmake_target' from command line to 'None'
[4.105s] Level 5:colcon.colcon_core.verb:set package 'drone_basics' build argument 'cmake_target_skip_unavailable' from command line to 'False'
[4.105s] Level 5:colcon.colcon_core.verb:set package 'drone_basics' build argument 'cmake_clean_cache' from command line to 'False'
[4.105s] Level 5:colcon.colcon_core.verb:set package 'drone_basics' build argument 'cmake_clean_first' from command line to 'False'
[4.105s] Level 5:colcon.colcon_core.verb:set package 'drone_basics' build argument 'cmake_force_configure' from command line to 'False'
[4.105s] Level 5:colcon.colcon_core.verb:set package 'drone_basics' build argument 'ament_cmake_args' from command line to 'None'
[4.105s] Level 5:colcon.colcon_core.verb:set package 'drone_basics' build argument 'catkin_cmake_args' from command line to 'None'
[4.105s] Level 5:colcon.colcon_core.verb:set package 'drone_basics' build argument 'catkin_skip_building_tests' from command line to 'False'
[4.106s] DEBUG:colcon.colcon_core.verb:Building package 'drone_basics' with the following arguments: {'ament_cmake_args': None, 'build_base': '/ros2_ws/build/drone_basics', 'catkin_cmake_args': None, 'catkin_skip_building_tests': False, 'cmake_args': None, 'cmake_clean_cache': False, 'cmake_clean_first': False, 'cmake_force_configure': False, 'cmake_target': None, 'cmake_target_skip_unavailable': False, 'install_base': '/ros2_ws/install/drone_basics', 'merge_install': False, 'path': '/ros2_ws/src/drone_basics', 'symlink_install': True, 'test_result_base': None}
[4.127s] INFO:colcon.colcon_core.executor:Executing jobs using 'parallel' executor
[4.150s] DEBUG:colcon.colcon_parallel_executor.executor.parallel:run_until_complete
[4.150s] INFO:colcon.colcon_ros.task.ament_python.build:Building ROS package in '/ros2_ws/src/drone_basics' with build type 'ament_python'
[4.151s] Level 1:colcon.colcon_core.shell:create_environment_hook('drone_basics', 'ament_prefix_path')
[4.281s] INFO:colcon.colcon_core.plugin_system:Skipping extension 'colcon_core.shell.bat': Not used on non-Windows systems
[4.282s] INFO:colcon.colcon_core.shell:Creating environment hook '/ros2_ws/install/drone_basics/share/drone_basics/hook/ament_prefix_path.ps1'
[4.441s] INFO:colcon.colcon_core.shell:Creating environment descriptor '/ros2_ws/install/drone_basics/share/drone_basics/hook/ament_prefix_path.dsv'
[4.470s] INFO:colcon.colcon_core.shell:Creating environment hook '/ros2_ws/install/drone_basics/share/drone_basics/hook/ament_prefix_path.sh'
[4.540s] INFO:colcon.colcon_core.shell:Skip shell extension 'powershell' for command environment: Not usable outside of PowerShell
[4.540s] DEBUG:colcon.colcon_core.shell:Skip shell extension 'dsv' for command environment
[5.676s] INFO:colcon.colcon_core.task.python.build:Building Python package in '/ros2_ws/src/drone_basics'
[5.717s] INFO:colcon.colcon_core.shell:Skip shell extension 'powershell' for command environment: Not usable outside of PowerShell
[5.717s] DEBUG:colcon.colcon_core.shell:Skip shell extension 'dsv' for command environment
[8.712s] DEBUG:colcon.colcon_core.event_handler.log_command:Invoking command in '/ros2_ws/build/drone_basics': PYTHONPATH=/ros2_ws/build/drone_basics/prefix_override:/ros2_ws/install/drone_basics/lib/python3.10/site-packages:${PYTHONPATH} /usr/bin/python3 setup.py develop --editable --build-directory /ros2_ws/build/drone_basics/build --no-deps install_data
[10.596s] Level 1:colcon.colcon_core.shell:create_environment_hook('drone_basics', 'pythonpath_develop')
[10.597s] DEBUG:colcon.colcon_core.event_handler.log_command:Invoked command in '/ros2_ws/build/drone_basics' returned '0': PYTHONPATH=/ros2_ws/build/drone_basics/prefix_override:/ros2_ws/install/drone_basics/lib/python3.10/site-packages:${PYTHONPATH} /usr/bin/python3 setup.py develop --editable --build-directory /ros2_ws/build/drone_basics/build --no-deps install_data
[10.638s] INFO:colcon.colcon_core.shell:Creating environment hook '/ros2_ws/build/drone_basics/share/drone_basics/hook/pythonpath_develop.ps1'
[10.655s] INFO:colcon.colcon_core.shell:Creating environment descriptor '/ros2_ws/build/drone_basics/share/drone_basics/hook/pythonpath_develop.dsv'
[10.712s] INFO:colcon.colcon_core.shell:Creating environment hook '/ros2_ws/build/drone_basics/share/drone_basics/hook/pythonpath_develop.sh'
[11.166s] Level 1:colcon.colcon_core.environment:checking '/ros2_ws/install/drone_basics' for CMake module files
[11.168s] Level 1:colcon.colcon_core.environment:checking '/ros2_ws/install/drone_basics' for CMake config files
[11.170s] Level 1:colcon.colcon_core.environment:checking '/ros2_ws/install/drone_basics/lib'
[11.170s] Level 1:colcon.colcon_core.environment:checking '/ros2_ws/install/drone_basics/bin'
[11.171s] Level 1:colcon.colcon_core.environment:checking '/ros2_ws/install/drone_basics/lib/pkgconfig/drone_basics.pc'
[11.172s] Level 1:colcon.colcon_core.environment:checking '/ros2_ws/install/drone_basics/lib/python3.10/site-packages'
[11.172s] Level 1:colcon.colcon_core.shell:create_environment_hook('drone_basics', 'pythonpath')
[11.215s] INFO:colcon.colcon_core.shell:Creating environment hook '/ros2_ws/install/drone_basics/share/drone_basics/hook/pythonpath.ps1'
[11.289s] INFO:colcon.colcon_core.shell:Creating environment descriptor '/ros2_ws/install/drone_basics/share/drone_basics/hook/pythonpath.dsv'
[11.291s] INFO:colcon.colcon_core.shell:Creating environment hook '/ros2_ws/install/drone_basics/share/drone_basics/hook/pythonpath.sh'
[11.293s] Level 1:colcon.colcon_core.environment:checking '/ros2_ws/install/drone_basics/bin'
[11.293s] Level 1:colcon.colcon_core.environment:create_environment_scripts_only(drone_basics)
[11.331s] INFO:colcon.colcon_core.shell:Creating package script '/ros2_ws/install/drone_basics/share/drone_basics/package.ps1'
[11.479s] INFO:colcon.colcon_core.shell:Creating package descriptor '/ros2_ws/install/drone_basics/share/drone_basics/package.dsv'
[11.534s] INFO:colcon.colcon_core.shell:Creating package script '/ros2_ws/install/drone_basics/share/drone_basics/package.sh'
[11.536s] INFO:colcon.colcon_core.shell:Creating package script '/ros2_ws/install/drone_basics/share/drone_basics/package.bash'
[11.537s] INFO:colcon.colcon_core.shell:Creating package script '/ros2_ws/install/drone_basics/share/drone_basics/package.zsh'
[11.542s] Level 1:colcon.colcon_core.environment:create_file_with_runtime_dependencies(/ros2_ws/install/drone_basics/share/colcon-core/packages/drone_basics)
[11.543s] DEBUG:colcon.colcon_parallel_executor.executor.parallel:closing loop
[11.543s] DEBUG:colcon.colcon_parallel_executor.executor.parallel:loop closed
[11.543s] DEBUG:colcon.colcon_parallel_executor.executor.parallel:run_until_complete finished with '0'
[11.543s] DEBUG:colcon.colcon_core.event_reactor:joining thread
[12.151s] INFO:colcon.colcon_core.plugin_system:Skipping extension 'colcon_notification.desktop_notification.notify_send': Could not find 'notify-send'
[12.151s] INFO:colcon.colcon_core.plugin_system:Skipping extension 'colcon_notification.desktop_notification.terminal_notifier': Not used on non-Darwin systems
[12.151s] INFO:colcon.colcon_core.plugin_system:Skipping extension 'colcon_notification.desktop_notification.win32': Not used on non-Windows systems
[12.152s] INFO:colcon.colcon_notification.desktop_notification:Sending desktop notification using 'notify2'
[12.152s] DEBUG:colcon.colcon_notification.desktop_notification.notify2:Failed to initialize notify2: org.freedesktop.DBus.Error.NotSupported: Unable to autolaunch a dbus-daemon without a $DISPLAY for X11
[12.152s] DEBUG:colcon.colcon_core.event_reactor:joined thread
[12.178s] INFO:colcon.colcon_core.shell:Creating prefix script '/ros2_ws/install/local_setup.ps1'
[12.180s] INFO:colcon.colcon_core.shell:Creating prefix util module '/ros2_ws/install/_local_setup_util_ps1.py'
[12.183s] INFO:colcon.colcon_core.shell:Creating prefix chain script '/ros2_ws/install/setup.ps1'
[12.246s] INFO:colcon.colcon_core.shell:Creating prefix script '/ros2_ws/install/local_setup.sh'
[12.261s] INFO:colcon.colcon_core.shell:Creating prefix util module '/ros2_ws/install/_local_setup_util_sh.py'
[12.262s] INFO:colcon.colcon_core.shell:Creating prefix chain script '/ros2_ws/install/setup.sh'
[12.284s] INFO:colcon.colcon_core.shell:Creating prefix script '/ros2_ws/install/local_setup.bash'
[12.336s] INFO:colcon.colcon_core.shell:Creating prefix chain script '/ros2_ws/install/setup.bash'
[12.371s] INFO:colcon.colcon_core.shell:Creating prefix script '/ros2_ws/install/local_setup.zsh'
[12.372s] INFO:colcon.colcon_core.shell:Creating prefix chain script '/ros2_ws/install/setup.zsh'
